2021-10-19 12:30:31,398 - HandlerTime.Milliseconds:85.19|#ModelName:fashion,Level:Model|#hostname:venkatesh-MS-7A15,requestID:2442007c-3507-43fc-aaa5-a9c164da6547,timestamp:1634626831
2021-10-19 12:30:31,400 - PredictionTime.Milliseconds:85.27|#ModelName:fashion,Level:Model|#hostname:venkatesh-MS-7A15,requestID:2442007c-3507-43fc-aaa5-a9c164da6547,timestamp:1634626831
2021-10-19 12:39:41,614 - HandlerTime.Milliseconds:14.75|#ModelName:fashion,Level:Model|#hostname:venkatesh-MS-7A15,requestID:d64d1c03-7518-4abc-8d50-0067c14ffc36,timestamp:1634627381
2021-10-19 12:39:41,614 - PredictionTime.Milliseconds:14.78|#ModelName:fashion,Level:Model|#hostname:venkatesh-MS-7A15,requestID:d64d1c03-7518-4abc-8d50-0067c14ffc36,timestamp:1634627381
2021-10-19 12:39:44,276 - HandlerTime.Milliseconds:0.97|#ModelName:fashion,Level:Model|#hostname:venkatesh-MS-7A15,requestID:cf4974ed-3662-4a35-b133-54ac78462107,timestamp:1634627384
2021-10-19 12:39:44,276 - PredictionTime.Milliseconds:1.01|#ModelName:fashion,Level:Model|#hostname:venkatesh-MS-7A15,requestID:cf4974ed-3662-4a35-b133-54ac78462107,timestamp:1634627384
2021-10-19 12:43:16,969 - HandlerTime.Milliseconds:13.85|#ModelName:fashion,Level:Model|#hostname:venkatesh-MS-7A15,requestID:0120e0d5-cccc-4696-80e9-d9871e167100,timestamp:1634627596
2021-10-19 12:43:16,969 - PredictionTime.Milliseconds:13.89|#ModelName:fashion,Level:Model|#hostname:venkatesh-MS-7A15,requestID:0120e0d5-cccc-4696-80e9-d9871e167100,timestamp:1634627596
2021-10-19 12:44:04,770 - HandlerTime.Milliseconds:3.94|#ModelName:fashion,Level:Model|#hostname:venkatesh-MS-7A15,requestID:dc8de34d-50b1-4991-83f7-2823e30cfed0,timestamp:1634627644
2021-10-19 12:44:04,770 - PredictionTime.Milliseconds:3.99|#ModelName:fashion,Level:Model|#hostname:venkatesh-MS-7A15,requestID:dc8de34d-50b1-4991-83f7-2823e30cfed0,timestamp:1634627644
2021-10-19 12:44:11,434 - HandlerTime.Milliseconds:0.94|#ModelName:fashion,Level:Model|#hostname:venkatesh-MS-7A15,requestID:56addb63-a25c-4539-b4b2-8d43e9b1a317,timestamp:1634627651
2021-10-19 12:44:11,434 - PredictionTime.Milliseconds:0.98|#ModelName:fashion,Level:Model|#hostname:venkatesh-MS-7A15,requestID:56addb63-a25c-4539-b4b2-8d43e9b1a317,timestamp:1634627651
2021-10-19 12:46:35,837 - HandlerTime.Milliseconds:17.77|#ModelName:fashion,Level:Model|#hostname:venkatesh-MS-7A15,requestID:f604c095-37c5-49df-8b6e-8124f780dbae,timestamp:1634627795
2021-10-19 12:46:35,838 - PredictionTime.Milliseconds:17.82|#ModelName:fashion,Level:Model|#hostname:venkatesh-MS-7A15,requestID:f604c095-37c5-49df-8b6e-8124f780dbae,timestamp:1634627795
2021-10-19 12:46:56,637 - HandlerTime.Milliseconds:13.24|#ModelName:fashion,Level:Model|#hostname:venkatesh-MS-7A15,requestID:aa03f41e-0dd8-4357-b4e3-c191666df3e1,timestamp:1634627816
2021-10-19 12:46:56,637 - PredictionTime.Milliseconds:13.31|#ModelName:fashion,Level:Model|#hostname:venkatesh-MS-7A15,requestID:aa03f41e-0dd8-4357-b4e3-c191666df3e1,timestamp:1634627816
2021-10-19 12:47:06,715 - HandlerTime.Milliseconds:0.9|#ModelName:fashion,Level:Model|#hostname:venkatesh-MS-7A15,requestID:fe932122-f2fd-46e2-8160-d4e2a1c1fed9,timestamp:1634627826
2021-10-19 12:47:06,715 - PredictionTime.Milliseconds:0.92|#ModelName:fashion,Level:Model|#hostname:venkatesh-MS-7A15,requestID:fe932122-f2fd-46e2-8160-d4e2a1c1fed9,timestamp:1634627826
2021-10-19 12:47:10,961 - HandlerTime.Milliseconds:0.94|#ModelName:fashion,Level:Model|#hostname:venkatesh-MS-7A15,requestID:799b71a1-0953-49cd-9425-72b91df9f5da,timestamp:1634627830
2021-10-19 12:47:10,961 - PredictionTime.Milliseconds:0.97|#ModelName:fashion,Level:Model|#hostname:venkatesh-MS-7A15,requestID:799b71a1-0953-49cd-9425-72b91df9f5da,timestamp:1634627830
2021-10-19 12:47:12,120 - HandlerTime.Milliseconds:0.97|#ModelName:fashion,Level:Model|#hostname:venkatesh-MS-7A15,requestID:b54d6106-84f2-473b-bb6d-27e88f86fd5a,timestamp:1634627832
2021-10-19 12:47:12,120 - PredictionTime.Milliseconds:1.01|#ModelName:fashion,Level:Model|#hostname:venkatesh-MS-7A15,requestID:b54d6106-84f2-473b-bb6d-27e88f86fd5a,timestamp:1634627832
2021-10-19 12:47:12,996 - HandlerTime.Milliseconds:1.17|#ModelName:fashion,Level:Model|#hostname:venkatesh-MS-7A15,requestID:8ed313d3-e7d0-496a-b253-5f10d4dc1bdd,timestamp:1634627832
2021-10-19 12:47:12,997 - PredictionTime.Milliseconds:1.21|#ModelName:fashion,Level:Model|#hostname:venkatesh-MS-7A15,requestID:8ed313d3-e7d0-496a-b253-5f10d4dc1bdd,timestamp:1634627832
2021-10-19 13:00:17,152 - HandlerTime.Milliseconds:21.55|#ModelName:fashion,Level:Model|#hostname:venkatesh-MS-7A15,requestID:4691237c-2200-4bc5-babb-6160c95df896,timestamp:1634628617
2021-10-19 13:00:17,152 - PredictionTime.Milliseconds:21.61|#ModelName:fashion,Level:Model|#hostname:venkatesh-MS-7A15,requestID:4691237c-2200-4bc5-babb-6160c95df896,timestamp:1634628617
2021-10-19 13:00:17,174 - HandlerTime.Milliseconds:1.87|#ModelName:fashion,Level:Model|#hostname:venkatesh-MS-7A15,requestID:8298b862-3f3a-485c-8436-d917c1243682,timestamp:1634628617
2021-10-19 13:00:17,174 - PredictionTime.Milliseconds:1.93|#ModelName:fashion,Level:Model|#hostname:venkatesh-MS-7A15,requestID:8298b862-3f3a-485c-8436-d917c1243682,timestamp:1634628617
2021-10-19 13:00:17,196 - HandlerTime.Milliseconds:1.92|#ModelName:fashion,Level:Model|#hostname:venkatesh-MS-7A15,requestID:28cc60ec-d718-43a7-9052-2fe247acb4f2,timestamp:1634628617
2021-10-19 13:00:17,196 - PredictionTime.Milliseconds:1.98|#ModelName:fashion,Level:Model|#hostname:venkatesh-MS-7A15,requestID:28cc60ec-d718-43a7-9052-2fe247acb4f2,timestamp:1634628617
2021-10-19 13:00:20,968 - HandlerTime.Milliseconds:1.21|#ModelName:fashion,Level:Model|#hostname:venkatesh-MS-7A15,requestID:bb4c1994-bf14-4be8-95d0-f53961227781,timestamp:1634628620
2021-10-19 13:00:20,968 - PredictionTime.Milliseconds:1.25|#ModelName:fashion,Level:Model|#hostname:venkatesh-MS-7A15,requestID:bb4c1994-bf14-4be8-95d0-f53961227781,timestamp:1634628620
2021-10-19 13:06:43,837 - HandlerTime.Milliseconds:20.89|#ModelName:fashion,Level:Model|#hostname:venkatesh-MS-7A15,requestID:901f267a-8648-4233-a1df-00ac2ef15b69,timestamp:1634629003
2021-10-19 13:06:43,838 - PredictionTime.Milliseconds:20.95|#ModelName:fashion,Level:Model|#hostname:venkatesh-MS-7A15,requestID:901f267a-8648-4233-a1df-00ac2ef15b69,timestamp:1634629003
2021-10-19 13:10:33,456 - HandlerTime.Milliseconds:19.68|#ModelName:fashion,Level:Model|#hostname:venkatesh-MS-7A15,requestID:892a445c-e229-4421-b9d9-5a06389b0376,timestamp:1634629233
2021-10-19 13:10:33,456 - PredictionTime.Milliseconds:19.74|#ModelName:fashion,Level:Model|#hostname:venkatesh-MS-7A15,requestID:892a445c-e229-4421-b9d9-5a06389b0376,timestamp:1634629233
2021-10-19 13:11:08,627 - HandlerTime.Milliseconds:16.58|#ModelName:fashion,Level:Model|#hostname:venkatesh-MS-7A15,requestID:2ca88af1-ca3e-49a9-96cd-d81bd95a22de,timestamp:1634629268
2021-10-19 13:11:08,628 - PredictionTime.Milliseconds:16.63|#ModelName:fashion,Level:Model|#hostname:venkatesh-MS-7A15,requestID:2ca88af1-ca3e-49a9-96cd-d81bd95a22de,timestamp:1634629268
2021-10-19 13:11:15,082 - HandlerTime.Milliseconds:3.32|#ModelName:fashion,Level:Model|#hostname:venkatesh-MS-7A15,requestID:675d5722-acec-4908-9044-d35fc0c109ac,timestamp:1634629275
2021-10-19 13:11:15,082 - PredictionTime.Milliseconds:3.43|#ModelName:fashion,Level:Model|#hostname:venkatesh-MS-7A15,requestID:675d5722-acec-4908-9044-d35fc0c109ac,timestamp:1634629275
2021-10-19 14:29:28,598 - HandlerTime.Milliseconds:13.96|#ModelName:fashion,Level:Model|#hostname:venkatesh-MS-7A15,requestID:900d46ee-1362-4ab0-bbba-c8defacbb908,timestamp:1634633968
2021-10-19 14:29:28,598 - PredictionTime.Milliseconds:13.99|#ModelName:fashion,Level:Model|#hostname:venkatesh-MS-7A15,requestID:900d46ee-1362-4ab0-bbba-c8defacbb908,timestamp:1634633968
2021-10-19 15:13:09,636 - HandlerTime.Milliseconds:12.62|#ModelName:fashion,Level:Model|#hostname:venkatesh-MS-7A15,requestID:f2bcf325-9c89-4de4-8846-51fb5adf688b,timestamp:1634636589
2021-10-19 15:13:09,636 - PredictionTime.Milliseconds:12.73|#ModelName:fashion,Level:Model|#hostname:venkatesh-MS-7A15,requestID:f2bcf325-9c89-4de4-8846-51fb5adf688b,timestamp:1634636589
2021-10-19 15:20:31,397 - HandlerTime.Milliseconds:14.38|#ModelName:fashion,Level:Model|#hostname:venkatesh-MS-7A15,requestID:e8eed389-7988-4eae-9a3b-764f7c9ea3d7,timestamp:1634637031
2021-10-19 15:20:31,397 - PredictionTime.Milliseconds:14.41|#ModelName:fashion,Level:Model|#hostname:venkatesh-MS-7A15,requestID:e8eed389-7988-4eae-9a3b-764f7c9ea3d7,timestamp:1634637031
2021-10-19 15:20:50,078 - HandlerTime.Milliseconds:3.8|#ModelName:fashion,Level:Model|#hostname:venkatesh-MS-7A15,requestID:ac482f8c-738b-4a60-8d58-66da31eb867e,timestamp:1634637050
2021-10-19 15:20:50,078 - PredictionTime.Milliseconds:3.84|#ModelName:fashion,Level:Model|#hostname:venkatesh-MS-7A15,requestID:ac482f8c-738b-4a60-8d58-66da31eb867e,timestamp:1634637050
2021-10-19 15:21:04,627 - HandlerTime.Milliseconds:1.08|#ModelName:fashion,Level:Model|#hostname:venkatesh-MS-7A15,requestID:b8df3f31-2cbe-4dcf-a19e-07ecfeb8fd20,timestamp:1634637064
2021-10-19 15:21:04,628 - PredictionTime.Milliseconds:1.12|#ModelName:fashion,Level:Model|#hostname:venkatesh-MS-7A15,requestID:b8df3f31-2cbe-4dcf-a19e-07ecfeb8fd20,timestamp:1634637064
2021-10-19 15:21:13,548 - HandlerTime.Milliseconds:0.9|#ModelName:fashion,Level:Model|#hostname:venkatesh-MS-7A15,requestID:03cae2f8-987d-4704-83a6-c9e66f172cb0,timestamp:1634637073
2021-10-19 15:21:13,548 - PredictionTime.Milliseconds:0.92|#ModelName:fashion,Level:Model|#hostname:venkatesh-MS-7A15,requestID:03cae2f8-987d-4704-83a6-c9e66f172cb0,timestamp:1634637073
2021-10-19 15:21:26,390 - HandlerTime.Milliseconds:0.98|#ModelName:fashion,Level:Model|#hostname:venkatesh-MS-7A15,requestID:58ebc74b-8cc3-4d38-8b71-06a8f295cdfd,timestamp:1634637086
2021-10-19 15:21:26,390 - PredictionTime.Milliseconds:1.01|#ModelName:fashion,Level:Model|#hostname:venkatesh-MS-7A15,requestID:58ebc74b-8cc3-4d38-8b71-06a8f295cdfd,timestamp:1634637086
2021-10-19 15:21:40,482 - HandlerTime.Milliseconds:0.87|#ModelName:fashion,Level:Model|#hostname:venkatesh-MS-7A15,requestID:c93c32bf-b6ff-49f0-a6be-62286cba47da,timestamp:1634637100
2021-10-19 15:21:40,482 - PredictionTime.Milliseconds:0.89|#ModelName:fashion,Level:Model|#hostname:venkatesh-MS-7A15,requestID:c93c32bf-b6ff-49f0-a6be-62286cba47da,timestamp:1634637100
2021-10-19 15:21:44,972 - HandlerTime.Milliseconds:1.18|#ModelName:fashion,Level:Model|#hostname:venkatesh-MS-7A15,requestID:8bb4abf7-363d-4ac0-aa43-01781566602e,timestamp:1634637104
2021-10-19 15:21:44,972 - PredictionTime.Milliseconds:1.21|#ModelName:fashion,Level:Model|#hostname:venkatesh-MS-7A15,requestID:8bb4abf7-363d-4ac0-aa43-01781566602e,timestamp:1634637104
2021-10-19 15:21:52,071 - HandlerTime.Milliseconds:1.12|#ModelName:fashion,Level:Model|#hostname:venkatesh-MS-7A15,requestID:c79930e4-58c9-462c-b6a0-f83fb867868c,timestamp:1634637112
2021-10-19 15:21:52,072 - PredictionTime.Milliseconds:1.16|#ModelName:fashion,Level:Model|#hostname:venkatesh-MS-7A15,requestID:c79930e4-58c9-462c-b6a0-f83fb867868c,timestamp:1634637112
2021-10-19 15:21:57,199 - HandlerTime.Milliseconds:0.94|#ModelName:fashion,Level:Model|#hostname:venkatesh-MS-7A15,requestID:fb3b81a3-5ff8-4729-9079-3fdac85364ae,timestamp:1634637117
2021-10-19 15:21:57,199 - PredictionTime.Milliseconds:0.97|#ModelName:fashion,Level:Model|#hostname:venkatesh-MS-7A15,requestID:fb3b81a3-5ff8-4729-9079-3fdac85364ae,timestamp:1634637117
2021-10-19 15:22:02,093 - HandlerTime.Milliseconds:0.9|#ModelName:fashion,Level:Model|#hostname:venkatesh-MS-7A15,requestID:a7b13e08-73ac-48a0-8892-a5870bd4cc63,timestamp:1634637122
2021-10-19 15:22:02,093 - PredictionTime.Milliseconds:0.93|#ModelName:fashion,Level:Model|#hostname:venkatesh-MS-7A15,requestID:a7b13e08-73ac-48a0-8892-a5870bd4cc63,timestamp:1634637122
