2021-10-16 20:46:24,546 - CPUUtilization.Percent:0.0|#Level:Host|#hostname:venkatesh-MS-7A15,timestamp:1634397384
2021-10-16 20:46:24,547 - DiskAvailable.Gigabytes:9.058414459228516|#Level:Host|#hostname:venkatesh-MS-7A15,timestamp:1634397384
2021-10-16 20:46:24,547 - DiskUsage.Gigabytes:94.40175247192383|#Level:Host|#hostname:venkatesh-MS-7A15,timestamp:1634397384
2021-10-16 20:46:24,547 - DiskUtilization.Percent:91.2|#Level:Host|#hostname:venkatesh-MS-7A15,timestamp:1634397384
2021-10-16 20:46:24,547 - MemoryAvailable.Megabytes:12143.9296875|#Level:Host|#hostname:venkatesh-MS-7A15,timestamp:1634397384
2021-10-16 20:46:24,547 - MemoryUsed.Megabytes:3419.67578125|#Level:Host|#hostname:venkatesh-MS-7A15,timestamp:1634397384
2021-10-16 20:46:24,548 - MemoryUtilization.Percent:24.0|#Level:Host|#hostname:venkatesh-MS-7A15,timestamp:1634397384
2021-10-16 20:46:26,911 - W-9000-fashion_1.0.ms:2631|#Level:Host|#hostname:venkatesh-MS-7A15,timestamp:1634397386
2021-10-16 20:46:26,911 - WorkerThreadTime.ms:19|#Level:Host|#hostname:venkatesh-MS-7A15,timestamp:null
2021-10-16 20:46:42,254 - Requests2XX.Count:1|#Level:Host|#hostname:venkatesh-MS-7A15,timestamp:null
2021-10-16 20:46:42,254 - QueueTime.ms:0|#Level:Host|#hostname:venkatesh-MS-7A15,timestamp:null
2021-10-16 20:46:42,255 - WorkerThreadTime.ms:3|#Level:Host|#hostname:venkatesh-MS-7A15,timestamp:null
2021-10-16 20:47:14,632 - Requests2XX.Count:1|#Level:Host|#hostname:venkatesh-MS-7A15,timestamp:null
2021-10-16 20:47:14,633 - QueueTime.ms:0|#Level:Host|#hostname:venkatesh-MS-7A15,timestamp:null
2021-10-16 20:47:14,633 - WorkerThreadTime.ms:1|#Level:Host|#hostname:venkatesh-MS-7A15,timestamp:null
2021-10-16 20:47:24,550 - CPUUtilization.Percent:0.0|#Level:Host|#hostname:venkatesh-MS-7A15,timestamp:1634397444
2021-10-16 20:47:24,550 - DiskAvailable.Gigabytes:9.058380126953125|#Level:Host|#hostname:venkatesh-MS-7A15,timestamp:1634397444
2021-10-16 20:47:24,550 - DiskUsage.Gigabytes:94.40178680419922|#Level:Host|#hostname:venkatesh-MS-7A15,timestamp:1634397444
2021-10-16 20:47:24,550 - DiskUtilization.Percent:91.2|#Level:Host|#hostname:venkatesh-MS-7A15,timestamp:1634397444
2021-10-16 20:47:24,550 - MemoryAvailable.Megabytes:10232.9375|#Level:Host|#hostname:venkatesh-MS-7A15,timestamp:1634397444
2021-10-16 20:47:24,551 - MemoryUsed.Megabytes:5318.6875|#Level:Host|#hostname:venkatesh-MS-7A15,timestamp:1634397444
2021-10-16 20:47:24,551 - MemoryUtilization.Percent:35.9|#Level:Host|#hostname:venkatesh-MS-7A15,timestamp:1634397444
2021-10-16 20:48:24,549 - CPUUtilization.Percent:0.0|#Level:Host|#hostname:venkatesh-MS-7A15,timestamp:1634397504
2021-10-16 20:48:24,549 - DiskAvailable.Gigabytes:9.058258056640625|#Level:Host|#hostname:venkatesh-MS-7A15,timestamp:1634397504
2021-10-16 20:48:24,549 - DiskUsage.Gigabytes:94.40190887451172|#Level:Host|#hostname:venkatesh-MS-7A15,timestamp:1634397504
2021-10-16 20:48:24,549 - DiskUtilization.Percent:91.2|#Level:Host|#hostname:venkatesh-MS-7A15,timestamp:1634397504
2021-10-16 20:48:24,549 - MemoryAvailable.Megabytes:10273.2109375|#Level:Host|#hostname:venkatesh-MS-7A15,timestamp:1634397504
2021-10-16 20:48:24,549 - MemoryUsed.Megabytes:5267.8984375|#Level:Host|#hostname:venkatesh-MS-7A15,timestamp:1634397504
2021-10-16 20:48:24,549 - MemoryUtilization.Percent:35.7|#Level:Host|#hostname:venkatesh-MS-7A15,timestamp:1634397504
2021-10-16 20:49:24,550 - CPUUtilization.Percent:0.0|#Level:Host|#hostname:venkatesh-MS-7A15,timestamp:1634397564
2021-10-16 20:49:24,550 - DiskAvailable.Gigabytes:9.05825424194336|#Level:Host|#hostname:venkatesh-MS-7A15,timestamp:1634397564
2021-10-16 20:49:24,550 - DiskUsage.Gigabytes:94.40191268920898|#Level:Host|#hostname:venkatesh-MS-7A15,timestamp:1634397564
2021-10-16 20:49:24,550 - DiskUtilization.Percent:91.2|#Level:Host|#hostname:venkatesh-MS-7A15,timestamp:1634397564
2021-10-16 20:49:24,550 - MemoryAvailable.Megabytes:10301.51171875|#Level:Host|#hostname:venkatesh-MS-7A15,timestamp:1634397564
2021-10-16 20:49:24,550 - MemoryUsed.Megabytes:5239.58203125|#Level:Host|#hostname:venkatesh-MS-7A15,timestamp:1634397564
2021-10-16 20:49:24,551 - MemoryUtilization.Percent:35.5|#Level:Host|#hostname:venkatesh-MS-7A15,timestamp:1634397564
2021-10-16 20:50:24,548 - CPUUtilization.Percent:0.0|#Level:Host|#hostname:venkatesh-MS-7A15,timestamp:1634397624
2021-10-16 20:50:24,549 - DiskAvailable.Gigabytes:9.058250427246094|#Level:Host|#hostname:venkatesh-MS-7A15,timestamp:1634397624
2021-10-16 20:50:24,549 - DiskUsage.Gigabytes:94.40191650390625|#Level:Host|#hostname:venkatesh-MS-7A15,timestamp:1634397624
2021-10-16 20:50:24,549 - DiskUtilization.Percent:91.2|#Level:Host|#hostname:venkatesh-MS-7A15,timestamp:1634397624
2021-10-16 20:50:24,549 - MemoryAvailable.Megabytes:10302.55859375|#Level:Host|#hostname:venkatesh-MS-7A15,timestamp:1634397624
2021-10-16 20:50:24,549 - MemoryUsed.Megabytes:5238.828125|#Level:Host|#hostname:venkatesh-MS-7A15,timestamp:1634397624
2021-10-16 20:50:24,549 - MemoryUtilization.Percent:35.5|#Level:Host|#hostname:venkatesh-MS-7A15,timestamp:1634397624
2021-10-16 20:51:24,549 - CPUUtilization.Percent:0.0|#Level:Host|#hostname:venkatesh-MS-7A15,timestamp:1634397684
2021-10-16 20:51:24,549 - DiskAvailable.Gigabytes:9.058246612548828|#Level:Host|#hostname:venkatesh-MS-7A15,timestamp:1634397684
2021-10-16 20:51:24,549 - DiskUsage.Gigabytes:94.40192031860352|#Level:Host|#hostname:venkatesh-MS-7A15,timestamp:1634397684
2021-10-16 20:51:24,549 - DiskUtilization.Percent:91.2|#Level:Host|#hostname:venkatesh-MS-7A15,timestamp:1634397684
2021-10-16 20:51:24,549 - MemoryAvailable.Megabytes:10301.7578125|#Level:Host|#hostname:venkatesh-MS-7A15,timestamp:1634397684
2021-10-16 20:51:24,549 - MemoryUsed.Megabytes:5239.640625|#Level:Host|#hostname:venkatesh-MS-7A15,timestamp:1634397684
2021-10-16 20:51:24,549 - MemoryUtilization.Percent:35.5|#Level:Host|#hostname:venkatesh-MS-7A15,timestamp:1634397684
2021-10-16 20:52:24,549 - CPUUtilization.Percent:0.0|#Level:Host|#hostname:venkatesh-MS-7A15,timestamp:1634397744
2021-10-16 20:52:24,549 - DiskAvailable.Gigabytes:9.058242797851562|#Level:Host|#hostname:venkatesh-MS-7A15,timestamp:1634397744
2021-10-16 20:52:24,549 - DiskUsage.Gigabytes:94.40192413330078|#Level:Host|#hostname:venkatesh-MS-7A15,timestamp:1634397744
2021-10-16 20:52:24,550 - DiskUtilization.Percent:91.2|#Level:Host|#hostname:venkatesh-MS-7A15,timestamp:1634397744
2021-10-16 20:52:24,550 - MemoryAvailable.Megabytes:10294.40234375|#Level:Host|#hostname:venkatesh-MS-7A15,timestamp:1634397744
2021-10-16 20:52:24,550 - MemoryUsed.Megabytes:5246.99609375|#Level:Host|#hostname:venkatesh-MS-7A15,timestamp:1634397744
2021-10-16 20:52:24,550 - MemoryUtilization.Percent:35.6|#Level:Host|#hostname:venkatesh-MS-7A15,timestamp:1634397744
2021-10-16 20:53:24,550 - CPUUtilization.Percent:0.0|#Level:Host|#hostname:venkatesh-MS-7A15,timestamp:1634397804
2021-10-16 20:53:24,550 - DiskAvailable.Gigabytes:9.058219909667969|#Level:Host|#hostname:venkatesh-MS-7A15,timestamp:1634397804
2021-10-16 20:53:24,550 - DiskUsage.Gigabytes:94.40194702148438|#Level:Host|#hostname:venkatesh-MS-7A15,timestamp:1634397804
2021-10-16 20:53:24,550 - DiskUtilization.Percent:91.2|#Level:Host|#hostname:venkatesh-MS-7A15,timestamp:1634397804
2021-10-16 20:53:24,550 - MemoryAvailable.Megabytes:10296.9296875|#Level:Host|#hostname:venkatesh-MS-7A15,timestamp:1634397804
2021-10-16 20:53:24,551 - MemoryUsed.Megabytes:5253.36328125|#Level:Host|#hostname:venkatesh-MS-7A15,timestamp:1634397804
2021-10-16 20:53:24,551 - MemoryUtilization.Percent:35.5|#Level:Host|#hostname:venkatesh-MS-7A15,timestamp:1634397804
2021-10-16 20:54:24,549 - CPUUtilization.Percent:0.0|#Level:Host|#hostname:venkatesh-MS-7A15,timestamp:1634397864
2021-10-16 20:54:24,549 - DiskAvailable.Gigabytes:9.058219909667969|#Level:Host|#hostname:venkatesh-MS-7A15,timestamp:1634397864
2021-10-16 20:54:24,549 - DiskUsage.Gigabytes:94.40194702148438|#Level:Host|#hostname:venkatesh-MS-7A15,timestamp:1634397864
2021-10-16 20:54:24,549 - DiskUtilization.Percent:91.2|#Level:Host|#hostname:venkatesh-MS-7A15,timestamp:1634397864
2021-10-16 20:54:24,549 - MemoryAvailable.Megabytes:10293.7265625|#Level:Host|#hostname:venkatesh-MS-7A15,timestamp:1634397864
2021-10-16 20:54:24,549 - MemoryUsed.Megabytes:5256.5625|#Level:Host|#hostname:venkatesh-MS-7A15,timestamp:1634397864
2021-10-16 20:54:24,549 - MemoryUtilization.Percent:35.6|#Level:Host|#hostname:venkatesh-MS-7A15,timestamp:1634397864
2021-10-16 20:55:24,549 - CPUUtilization.Percent:0.0|#Level:Host|#hostname:venkatesh-MS-7A15,timestamp:1634397924
2021-10-16 20:55:24,550 - DiskAvailable.Gigabytes:9.058216094970703|#Level:Host|#hostname:venkatesh-MS-7A15,timestamp:1634397924
2021-10-16 20:55:24,550 - DiskUsage.Gigabytes:94.40195083618164|#Level:Host|#hostname:venkatesh-MS-7A15,timestamp:1634397924
2021-10-16 20:55:24,550 - DiskUtilization.Percent:91.2|#Level:Host|#hostname:venkatesh-MS-7A15,timestamp:1634397924
2021-10-16 20:55:24,550 - MemoryAvailable.Megabytes:10267.5859375|#Level:Host|#hostname:venkatesh-MS-7A15,timestamp:1634397924
2021-10-16 20:55:24,550 - MemoryUsed.Megabytes:5282.703125|#Level:Host|#hostname:venkatesh-MS-7A15,timestamp:1634397924
2021-10-16 20:55:24,550 - MemoryUtilization.Percent:35.7|#Level:Host|#hostname:venkatesh-MS-7A15,timestamp:1634397924
2021-10-16 20:56:24,582 - CPUUtilization.Percent:0.0|#Level:Host|#hostname:venkatesh-MS-7A15,timestamp:1634397984
2021-10-16 20:56:24,582 - DiskAvailable.Gigabytes:9.058216094970703|#Level:Host|#hostname:venkatesh-MS-7A15,timestamp:1634397984
2021-10-16 20:56:24,582 - DiskUsage.Gigabytes:94.40195083618164|#Level:Host|#hostname:venkatesh-MS-7A15,timestamp:1634397984
2021-10-16 20:56:24,582 - DiskUtilization.Percent:91.2|#Level:Host|#hostname:venkatesh-MS-7A15,timestamp:1634397984
2021-10-16 20:56:24,583 - MemoryAvailable.Megabytes:10261.98046875|#Level:Host|#hostname:venkatesh-MS-7A15,timestamp:1634397984
2021-10-16 20:56:24,583 - MemoryUsed.Megabytes:5288.3203125|#Level:Host|#hostname:venkatesh-MS-7A15,timestamp:1634397984
2021-10-16 20:56:24,583 - MemoryUtilization.Percent:35.8|#Level:Host|#hostname:venkatesh-MS-7A15,timestamp:1634397984
2021-10-16 20:57:24,549 - CPUUtilization.Percent:0.0|#Level:Host|#hostname:venkatesh-MS-7A15,timestamp:1634398044
2021-10-16 20:57:24,549 - DiskAvailable.Gigabytes:9.058212280273438|#Level:Host|#hostname:venkatesh-MS-7A15,timestamp:1634398044
2021-10-16 20:57:24,549 - DiskUsage.Gigabytes:94.4019546508789|#Level:Host|#hostname:venkatesh-MS-7A15,timestamp:1634398044
2021-10-16 20:57:24,550 - DiskUtilization.Percent:91.2|#Level:Host|#hostname:venkatesh-MS-7A15,timestamp:1634398044
2021-10-16 20:57:24,550 - MemoryAvailable.Megabytes:10261.171875|#Level:Host|#hostname:venkatesh-MS-7A15,timestamp:1634398044
2021-10-16 20:57:24,550 - MemoryUsed.Megabytes:5289.140625|#Level:Host|#hostname:venkatesh-MS-7A15,timestamp:1634398044
2021-10-16 20:57:24,550 - MemoryUtilization.Percent:35.8|#Level:Host|#hostname:venkatesh-MS-7A15,timestamp:1634398044
2021-10-16 20:58:24,549 - CPUUtilization.Percent:0.0|#Level:Host|#hostname:venkatesh-MS-7A15,timestamp:1634398104
2021-10-16 20:58:24,549 - DiskAvailable.Gigabytes:9.058212280273438|#Level:Host|#hostname:venkatesh-MS-7A15,timestamp:1634398104
2021-10-16 20:58:24,549 - DiskUsage.Gigabytes:94.4019546508789|#Level:Host|#hostname:venkatesh-MS-7A15,timestamp:1634398104
2021-10-16 20:58:24,549 - DiskUtilization.Percent:91.2|#Level:Host|#hostname:venkatesh-MS-7A15,timestamp:1634398104
2021-10-16 20:58:24,549 - MemoryAvailable.Megabytes:10256.37890625|#Level:Host|#hostname:venkatesh-MS-7A15,timestamp:1634398104
2021-10-16 20:58:24,549 - MemoryUsed.Megabytes:5293.93359375|#Level:Host|#hostname:venkatesh-MS-7A15,timestamp:1634398104
2021-10-16 20:58:24,549 - MemoryUtilization.Percent:35.8|#Level:Host|#hostname:venkatesh-MS-7A15,timestamp:1634398104
2021-10-16 20:59:24,548 - CPUUtilization.Percent:0.0|#Level:Host|#hostname:venkatesh-MS-7A15,timestamp:1634398164
2021-10-16 20:59:24,548 - DiskAvailable.Gigabytes:9.058197021484375|#Level:Host|#hostname:venkatesh-MS-7A15,timestamp:1634398164
2021-10-16 20:59:24,548 - DiskUsage.Gigabytes:94.40196990966797|#Level:Host|#hostname:venkatesh-MS-7A15,timestamp:1634398164
2021-10-16 20:59:24,548 - DiskUtilization.Percent:91.2|#Level:Host|#hostname:venkatesh-MS-7A15,timestamp:1634398164
2021-10-16 20:59:24,548 - MemoryAvailable.Megabytes:10259.22265625|#Level:Host|#hostname:venkatesh-MS-7A15,timestamp:1634398164
2021-10-16 20:59:24,548 - MemoryUsed.Megabytes:5288.87109375|#Level:Host|#hostname:venkatesh-MS-7A15,timestamp:1634398164
2021-10-16 20:59:24,548 - MemoryUtilization.Percent:35.8|#Level:Host|#hostname:venkatesh-MS-7A15,timestamp:1634398164
2021-10-16 21:00:24,550 - CPUUtilization.Percent:0.0|#Level:Host|#hostname:venkatesh-MS-7A15,timestamp:1634398224
2021-10-16 21:00:24,550 - DiskAvailable.Gigabytes:9.058197021484375|#Level:Host|#hostname:venkatesh-MS-7A15,timestamp:1634398224
2021-10-16 21:00:24,550 - DiskUsage.Gigabytes:94.40196990966797|#Level:Host|#hostname:venkatesh-MS-7A15,timestamp:1634398224
2021-10-16 21:00:24,550 - DiskUtilization.Percent:91.2|#Level:Host|#hostname:venkatesh-MS-7A15,timestamp:1634398224
2021-10-16 21:00:24,550 - MemoryAvailable.Megabytes:10289.421875|#Level:Host|#hostname:venkatesh-MS-7A15,timestamp:1634398224
2021-10-16 21:00:24,550 - MemoryUsed.Megabytes:5258.66015625|#Level:Host|#hostname:venkatesh-MS-7A15,timestamp:1634398224
2021-10-16 21:00:24,550 - MemoryUtilization.Percent:35.6|#Level:Host|#hostname:venkatesh-MS-7A15,timestamp:1634398224
2021-10-16 21:01:24,549 - CPUUtilization.Percent:0.0|#Level:Host|#hostname:venkatesh-MS-7A15,timestamp:1634398284
2021-10-16 21:01:24,549 - DiskAvailable.Gigabytes:9.058242797851562|#Level:Host|#hostname:venkatesh-MS-7A15,timestamp:1634398284
2021-10-16 21:01:24,549 - DiskUsage.Gigabytes:94.40192413330078|#Level:Host|#hostname:venkatesh-MS-7A15,timestamp:1634398284
2021-10-16 21:01:24,549 - DiskUtilization.Percent:91.2|#Level:Host|#hostname:venkatesh-MS-7A15,timestamp:1634398284
2021-10-16 21:01:24,550 - MemoryAvailable.Megabytes:10463.19140625|#Level:Host|#hostname:venkatesh-MS-7A15,timestamp:1634398284
2021-10-16 21:01:24,550 - MemoryUsed.Megabytes:5102.94921875|#Level:Host|#hostname:venkatesh-MS-7A15,timestamp:1634398284
2021-10-16 21:01:24,550 - MemoryUtilization.Percent:34.5|#Level:Host|#hostname:venkatesh-MS-7A15,timestamp:1634398284
2021-10-16 21:02:24,549 - CPUUtilization.Percent:0.0|#Level:Host|#hostname:venkatesh-MS-7A15,timestamp:1634398344
2021-10-16 21:02:24,550 - DiskAvailable.Gigabytes:9.058147430419922|#Level:Host|#hostname:venkatesh-MS-7A15,timestamp:1634398344
2021-10-16 21:02:24,550 - DiskUsage.Gigabytes:94.40201950073242|#Level:Host|#hostname:venkatesh-MS-7A15,timestamp:1634398344
2021-10-16 21:02:24,550 - DiskUtilization.Percent:91.2|#Level:Host|#hostname:venkatesh-MS-7A15,timestamp:1634398344
2021-10-16 21:02:24,550 - MemoryAvailable.Megabytes:10371.11328125|#Level:Host|#hostname:venkatesh-MS-7A15,timestamp:1634398344
2021-10-16 21:02:24,550 - MemoryUsed.Megabytes:5195.0234375|#Level:Host|#hostname:venkatesh-MS-7A15,timestamp:1634398344
2021-10-16 21:02:24,550 - MemoryUtilization.Percent:35.1|#Level:Host|#hostname:venkatesh-MS-7A15,timestamp:1634398344
2021-10-16 21:03:05,452 - Requests2XX.Count:1|#Level:Host|#hostname:venkatesh-MS-7A15,timestamp:null
2021-10-16 21:03:05,452 - QueueTime.ms:0|#Level:Host|#hostname:venkatesh-MS-7A15,timestamp:null
2021-10-16 21:03:05,453 - WorkerThreadTime.ms:3|#Level:Host|#hostname:venkatesh-MS-7A15,timestamp:null
2021-10-16 21:03:22,039 - Requests2XX.Count:1|#Level:Host|#hostname:venkatesh-MS-7A15,timestamp:null
2021-10-16 21:03:22,040 - QueueTime.ms:0|#Level:Host|#hostname:venkatesh-MS-7A15,timestamp:null
2021-10-16 21:03:22,040 - WorkerThreadTime.ms:1|#Level:Host|#hostname:venkatesh-MS-7A15,timestamp:null
2021-10-16 21:03:24,546 - CPUUtilization.Percent:0.0|#Level:Host|#hostname:venkatesh-MS-7A15,timestamp:1634398404
2021-10-16 21:03:24,546 - DiskAvailable.Gigabytes:9.058162689208984|#Level:Host|#hostname:venkatesh-MS-7A15,timestamp:1634398404
2021-10-16 21:03:24,546 - DiskUsage.Gigabytes:94.40200424194336|#Level:Host|#hostname:venkatesh-MS-7A15,timestamp:1634398404
2021-10-16 21:03:24,546 - DiskUtilization.Percent:91.2|#Level:Host|#hostname:venkatesh-MS-7A15,timestamp:1634398404
2021-10-16 21:03:24,546 - MemoryAvailable.Megabytes:10274.953125|#Level:Host|#hostname:venkatesh-MS-7A15,timestamp:1634398404
2021-10-16 21:03:24,546 - MemoryUsed.Megabytes:5276.80859375|#Level:Host|#hostname:venkatesh-MS-7A15,timestamp:1634398404
2021-10-16 21:03:24,546 - MemoryUtilization.Percent:35.7|#Level:Host|#hostname:venkatesh-MS-7A15,timestamp:1634398404
2021-10-16 21:04:24,550 - CPUUtilization.Percent:0.0|#Level:Host|#hostname:venkatesh-MS-7A15,timestamp:1634398464
2021-10-16 21:04:24,550 - DiskAvailable.Gigabytes:9.058155059814453|#Level:Host|#hostname:venkatesh-MS-7A15,timestamp:1634398464
2021-10-16 21:04:24,550 - DiskUsage.Gigabytes:94.40201187133789|#Level:Host|#hostname:venkatesh-MS-7A15,timestamp:1634398464
2021-10-16 21:04:24,550 - DiskUtilization.Percent:91.2|#Level:Host|#hostname:venkatesh-MS-7A15,timestamp:1634398464
2021-10-16 21:04:24,550 - MemoryAvailable.Megabytes:10338.1875|#Level:Host|#hostname:venkatesh-MS-7A15,timestamp:1634398464
2021-10-16 21:04:24,550 - MemoryUsed.Megabytes:5211.71875|#Level:Host|#hostname:venkatesh-MS-7A15,timestamp:1634398464
2021-10-16 21:04:24,551 - MemoryUtilization.Percent:35.3|#Level:Host|#hostname:venkatesh-MS-7A15,timestamp:1634398464
2021-10-16 21:05:24,549 - CPUUtilization.Percent:0.0|#Level:Host|#hostname:venkatesh-MS-7A15,timestamp:1634398524
2021-10-16 21:05:24,550 - DiskAvailable.Gigabytes:9.058151245117188|#Level:Host|#hostname:venkatesh-MS-7A15,timestamp:1634398524
2021-10-16 21:05:24,550 - DiskUsage.Gigabytes:94.40201568603516|#Level:Host|#hostname:venkatesh-MS-7A15,timestamp:1634398524
2021-10-16 21:05:24,550 - DiskUtilization.Percent:91.2|#Level:Host|#hostname:venkatesh-MS-7A15,timestamp:1634398524
2021-10-16 21:05:24,550 - MemoryAvailable.Megabytes:10339.04296875|#Level:Host|#hostname:venkatesh-MS-7A15,timestamp:1634398524
2021-10-16 21:05:24,550 - MemoryUsed.Megabytes:5209.58203125|#Level:Host|#hostname:venkatesh-MS-7A15,timestamp:1634398524
2021-10-16 21:05:24,550 - MemoryUtilization.Percent:35.3|#Level:Host|#hostname:venkatesh-MS-7A15,timestamp:1634398524
2021-10-16 21:06:24,549 - CPUUtilization.Percent:0.0|#Level:Host|#hostname:venkatesh-MS-7A15,timestamp:1634398584
2021-10-16 21:06:24,550 - DiskAvailable.Gigabytes:9.058135986328125|#Level:Host|#hostname:venkatesh-MS-7A15,timestamp:1634398584
2021-10-16 21:06:24,550 - DiskUsage.Gigabytes:94.40203094482422|#Level:Host|#hostname:venkatesh-MS-7A15,timestamp:1634398584
2021-10-16 21:06:24,550 - DiskUtilization.Percent:91.2|#Level:Host|#hostname:venkatesh-MS-7A15,timestamp:1634398584
2021-10-16 21:06:24,550 - MemoryAvailable.Megabytes:10289.4765625|#Level:Host|#hostname:venkatesh-MS-7A15,timestamp:1634398584
2021-10-16 21:06:24,550 - MemoryUsed.Megabytes:5257.859375|#Level:Host|#hostname:venkatesh-MS-7A15,timestamp:1634398584
2021-10-16 21:06:24,550 - MemoryUtilization.Percent:35.6|#Level:Host|#hostname:venkatesh-MS-7A15,timestamp:1634398584
2021-10-16 21:07:21,971 - Requests2XX.Count:1|#Level:Host|#hostname:venkatesh-MS-7A15,timestamp:null
2021-10-16 21:07:21,971 - QueueTime.ms:0|#Level:Host|#hostname:venkatesh-MS-7A15,timestamp:null
2021-10-16 21:07:21,971 - WorkerThreadTime.ms:2|#Level:Host|#hostname:venkatesh-MS-7A15,timestamp:null
2021-10-16 21:07:24,547 - CPUUtilization.Percent:0.0|#Level:Host|#hostname:venkatesh-MS-7A15,timestamp:1634398644
2021-10-16 21:07:24,547 - DiskAvailable.Gigabytes:9.058109283447266|#Level:Host|#hostname:venkatesh-MS-7A15,timestamp:1634398644
2021-10-16 21:07:24,547 - DiskUsage.Gigabytes:94.40205764770508|#Level:Host|#hostname:venkatesh-MS-7A15,timestamp:1634398644
2021-10-16 21:07:24,547 - DiskUtilization.Percent:91.2|#Level:Host|#hostname:venkatesh-MS-7A15,timestamp:1634398644
2021-10-16 21:07:24,547 - MemoryAvailable.Megabytes:10196.6328125|#Level:Host|#hostname:venkatesh-MS-7A15,timestamp:1634398644
2021-10-16 21:07:24,547 - MemoryUsed.Megabytes:5356.25|#Level:Host|#hostname:venkatesh-MS-7A15,timestamp:1634398644
2021-10-16 21:07:24,547 - MemoryUtilization.Percent:36.2|#Level:Host|#hostname:venkatesh-MS-7A15,timestamp:1634398644
2021-10-16 21:08:24,549 - CPUUtilization.Percent:0.0|#Level:Host|#hostname:venkatesh-MS-7A15,timestamp:1634398704
2021-10-16 21:08:24,549 - DiskAvailable.Gigabytes:9.058086395263672|#Level:Host|#hostname:venkatesh-MS-7A15,timestamp:1634398704
2021-10-16 21:08:24,549 - DiskUsage.Gigabytes:94.40208053588867|#Level:Host|#hostname:venkatesh-MS-7A15,timestamp:1634398704
2021-10-16 21:08:24,550 - DiskUtilization.Percent:91.2|#Level:Host|#hostname:venkatesh-MS-7A15,timestamp:1634398704
2021-10-16 21:08:24,550 - MemoryAvailable.Megabytes:10190.12109375|#Level:Host|#hostname:venkatesh-MS-7A15,timestamp:1634398704
2021-10-16 21:08:24,550 - MemoryUsed.Megabytes:5362.7421875|#Level:Host|#hostname:venkatesh-MS-7A15,timestamp:1634398704
2021-10-16 21:08:24,550 - MemoryUtilization.Percent:36.2|#Level:Host|#hostname:venkatesh-MS-7A15,timestamp:1634398704
2021-10-16 21:09:24,549 - CPUUtilization.Percent:0.0|#Level:Host|#hostname:venkatesh-MS-7A15,timestamp:1634398764
2021-10-16 21:09:24,550 - DiskAvailable.Gigabytes:9.058082580566406|#Level:Host|#hostname:venkatesh-MS-7A15,timestamp:1634398764
2021-10-16 21:09:24,550 - DiskUsage.Gigabytes:94.40208435058594|#Level:Host|#hostname:venkatesh-MS-7A15,timestamp:1634398764
2021-10-16 21:09:24,550 - DiskUtilization.Percent:91.2|#Level:Host|#hostname:venkatesh-MS-7A15,timestamp:1634398764
2021-10-16 21:09:24,550 - MemoryAvailable.Megabytes:10108.25390625|#Level:Host|#hostname:venkatesh-MS-7A15,timestamp:1634398764
2021-10-16 21:09:24,550 - MemoryUsed.Megabytes:5444.49609375|#Level:Host|#hostname:venkatesh-MS-7A15,timestamp:1634398764
2021-10-16 21:09:24,550 - MemoryUtilization.Percent:36.7|#Level:Host|#hostname:venkatesh-MS-7A15,timestamp:1634398764
2021-10-16 21:09:27,273 - Requests2XX.Count:1|#Level:Host|#hostname:venkatesh-MS-7A15,timestamp:null
2021-10-16 21:09:27,274 - QueueTime.ms:0|#Level:Host|#hostname:venkatesh-MS-7A15,timestamp:null
2021-10-16 21:09:27,274 - WorkerThreadTime.ms:1|#Level:Host|#hostname:venkatesh-MS-7A15,timestamp:null
2021-10-16 21:10:21,717 - Requests2XX.Count:1|#Level:Host|#hostname:venkatesh-MS-7A15,timestamp:null
2021-10-16 21:10:21,717 - QueueTime.ms:0|#Level:Host|#hostname:venkatesh-MS-7A15,timestamp:null
2021-10-16 21:10:21,717 - WorkerThreadTime.ms:2|#Level:Host|#hostname:venkatesh-MS-7A15,timestamp:null
2021-10-16 21:10:24,549 - CPUUtilization.Percent:0.0|#Level:Host|#hostname:venkatesh-MS-7A15,timestamp:1634398824
2021-10-16 21:10:24,549 - DiskAvailable.Gigabytes:9.058067321777344|#Level:Host|#hostname:venkatesh-MS-7A15,timestamp:1634398824
2021-10-16 21:10:24,549 - DiskUsage.Gigabytes:94.402099609375|#Level:Host|#hostname:venkatesh-MS-7A15,timestamp:1634398824
2021-10-16 21:10:24,549 - DiskUtilization.Percent:91.2|#Level:Host|#hostname:venkatesh-MS-7A15,timestamp:1634398824
2021-10-16 21:10:24,549 - MemoryAvailable.Megabytes:10074.45703125|#Level:Host|#hostname:venkatesh-MS-7A15,timestamp:1634398824
2021-10-16 21:10:24,549 - MemoryUsed.Megabytes:5478.30078125|#Level:Host|#hostname:venkatesh-MS-7A15,timestamp:1634398824
2021-10-16 21:10:24,549 - MemoryUtilization.Percent:36.9|#Level:Host|#hostname:venkatesh-MS-7A15,timestamp:1634398824
2021-10-16 21:11:24,549 - CPUUtilization.Percent:0.0|#Level:Host|#hostname:venkatesh-MS-7A15,timestamp:1634398884
2021-10-16 21:11:24,549 - DiskAvailable.Gigabytes:9.058303833007812|#Level:Host|#hostname:venkatesh-MS-7A15,timestamp:1634398884
2021-10-16 21:11:24,549 - DiskUsage.Gigabytes:94.40186309814453|#Level:Host|#hostname:venkatesh-MS-7A15,timestamp:1634398884
2021-10-16 21:11:24,550 - DiskUtilization.Percent:91.2|#Level:Host|#hostname:venkatesh-MS-7A15,timestamp:1634398884
2021-10-16 21:11:24,550 - MemoryAvailable.Megabytes:10250.44140625|#Level:Host|#hostname:venkatesh-MS-7A15,timestamp:1634398884
2021-10-16 21:11:24,550 - MemoryUsed.Megabytes:5298.3359375|#Level:Host|#hostname:venkatesh-MS-7A15,timestamp:1634398884
2021-10-16 21:11:24,550 - MemoryUtilization.Percent:35.8|#Level:Host|#hostname:venkatesh-MS-7A15,timestamp:1634398884
2021-10-16 21:12:24,548 - CPUUtilization.Percent:0.0|#Level:Host|#hostname:venkatesh-MS-7A15,timestamp:1634398944
2021-10-16 21:12:24,548 - DiskAvailable.Gigabytes:9.058246612548828|#Level:Host|#hostname:venkatesh-MS-7A15,timestamp:1634398944
2021-10-16 21:12:24,548 - DiskUsage.Gigabytes:94.40192031860352|#Level:Host|#hostname:venkatesh-MS-7A15,timestamp:1634398944
2021-10-16 21:12:24,548 - DiskUtilization.Percent:91.2|#Level:Host|#hostname:venkatesh-MS-7A15,timestamp:1634398944
2021-10-16 21:12:24,548 - MemoryAvailable.Megabytes:10222.6015625|#Level:Host|#hostname:venkatesh-MS-7A15,timestamp:1634398944
2021-10-16 21:12:24,548 - MemoryUsed.Megabytes:5318.9609375|#Level:Host|#hostname:venkatesh-MS-7A15,timestamp:1634398944
2021-10-16 21:12:24,549 - MemoryUtilization.Percent:36.0|#Level:Host|#hostname:venkatesh-MS-7A15,timestamp:1634398944
2021-10-16 21:13:24,549 - CPUUtilization.Percent:0.0|#Level:Host|#hostname:venkatesh-MS-7A15,timestamp:1634399004
2021-10-16 21:13:24,549 - DiskAvailable.Gigabytes:9.05820083618164|#Level:Host|#hostname:venkatesh-MS-7A15,timestamp:1634399004
2021-10-16 21:13:24,549 - DiskUsage.Gigabytes:94.4019660949707|#Level:Host|#hostname:venkatesh-MS-7A15,timestamp:1634399004
2021-10-16 21:13:24,549 - DiskUtilization.Percent:91.2|#Level:Host|#hostname:venkatesh-MS-7A15,timestamp:1634399004
2021-10-16 21:13:24,549 - MemoryAvailable.Megabytes:10198.71875|#Level:Host|#hostname:venkatesh-MS-7A15,timestamp:1634399004
2021-10-16 21:13:24,549 - MemoryUsed.Megabytes:5342.2421875|#Level:Host|#hostname:venkatesh-MS-7A15,timestamp:1634399004
2021-10-16 21:13:24,549 - MemoryUtilization.Percent:36.2|#Level:Host|#hostname:venkatesh-MS-7A15,timestamp:1634399004
2021-10-16 21:14:24,549 - CPUUtilization.Percent:0.0|#Level:Host|#hostname:venkatesh-MS-7A15,timestamp:1634399064
2021-10-16 21:14:24,549 - DiskAvailable.Gigabytes:9.057891845703125|#Level:Host|#hostname:venkatesh-MS-7A15,timestamp:1634399064
2021-10-16 21:14:24,549 - DiskUsage.Gigabytes:94.40227508544922|#Level:Host|#hostname:venkatesh-MS-7A15,timestamp:1634399064
2021-10-16 21:14:24,549 - DiskUtilization.Percent:91.2|#Level:Host|#hostname:venkatesh-MS-7A15,timestamp:1634399064
2021-10-16 21:14:24,549 - MemoryAvailable.Megabytes:10162.62109375|#Level:Host|#hostname:venkatesh-MS-7A15,timestamp:1634399064
2021-10-16 21:14:24,549 - MemoryUsed.Megabytes:5377.39453125|#Level:Host|#hostname:venkatesh-MS-7A15,timestamp:1634399064
2021-10-16 21:14:24,549 - MemoryUtilization.Percent:36.4|#Level:Host|#hostname:venkatesh-MS-7A15,timestamp:1634399064
2021-10-16 21:15:24,591 - CPUUtilization.Percent:0.0|#Level:Host|#hostname:venkatesh-MS-7A15,timestamp:1634399124
2021-10-16 21:15:24,592 - DiskAvailable.Gigabytes:9.057369232177734|#Level:Host|#hostname:venkatesh-MS-7A15,timestamp:1634399124
2021-10-16 21:15:24,592 - DiskUsage.Gigabytes:94.40279769897461|#Level:Host|#hostname:venkatesh-MS-7A15,timestamp:1634399124
2021-10-16 21:15:24,592 - DiskUtilization.Percent:91.2|#Level:Host|#hostname:venkatesh-MS-7A15,timestamp:1634399124
2021-10-16 21:15:24,592 - MemoryAvailable.Megabytes:10238.5859375|#Level:Host|#hostname:venkatesh-MS-7A15,timestamp:1634399124
2021-10-16 21:15:24,592 - MemoryUsed.Megabytes:5290.734375|#Level:Host|#hostname:venkatesh-MS-7A15,timestamp:1634399124
2021-10-16 21:15:24,592 - MemoryUtilization.Percent:35.9|#Level:Host|#hostname:venkatesh-MS-7A15,timestamp:1634399124
